These Windows services are started:

   AMD External Events Utility
   Apache2.4
   Application Information
   Background Tasks Infrastructure Service
   Base Filtering Engine
   CDROM_Eject_Smart
   CNG Key Isolation
   COM+ Event System
   Computer Browser
   Connected Devices Platform Service
   Connected Devices Platform User Service_63bd231
   Connected User Experiences and Telemetry
   CoreMessaging
   Credential Manager
   Cryptographic Services
   Data Sharing Service
   Data Usage
   DCOM Server Process Launcher
   Device Association Service
   DHCP Client
   Diagnostic Policy Service
   Diagnostic Service Host
   Diagnostic System Host
   Distributed Link Tracking Client
   DNS Client
   Function Discovery Provider Host
   Function Discovery Resource Publication
   Gammu SMSD Service (phone1)
   Gammu SMSD Service (phone2)
   Geolocation Service
   HomeGroup Provider
   HP SI Service
   Human Interface Device Service
   IP Helper
   IPsec Policy Agent
   Local Session Manager
   Machine Debug Manager
   Microsoft Windows SMS Router Service.
   mysql
   Nalpeiron Licensing Service
   Network Connected Devices Auto-Setup
   Network Connection Broker
   Network Connections
   Network List Service
   Network Location Awareness
   Network Store Interface Service
   NitroPDFDriverCreatorReadSpool8
   Plug and Play
   Power
   Print Spooler
   Program Compatibility Assistant Service
   Realtek Audio Service
   Remote Procedure Call (RPC)
   RPC Endpoint Mapper
   Security Accounts Manager
   Security Center
   Sensor Service
   Server
   Shell Hardware Detection
   SSDP Discovery
   State Repository Service
   Storage Service
   Superfetch
   Sync Host_63bd231
   System Event Notification Service
   System Events Broker
   Task Scheduler
   tbaseprovisioning
   TCP/IP NetBIOS Helper
   TeamViewer 12
   TechSmith Uploader Service
   Themes
   Tile Data model server
   Time Broker
   TokenBroker
   UPnP Device Host
   User Manager
   User Profile Service
   Windows Audio
   Windows Audio Endpoint Builder
   Windows Connect Now - Config Registrar
   Windows Connection Manager
   Windows Defender Antivirus Network Inspection Service
   Windows Defender Antivirus Service
   Windows Defender Security Centre Service
   Windows Driver Foundation - User-mode Driver Framework
   Windows Event Log
   Windows Firewall
   Windows Font Cache Service
   Windows Image Acquisition (WIA)
   Windows License Manager Service
   Windows Management Instrumentation
   Windows Push Notifications System Service
   Windows Push Notifications User Service_63bd231
   Windows Search
   Windows Update
   WinHTTP Web Proxy Auto-Discovery Service
   WLAN AutoConfig
   Workstation

The command completed successfully.

